[2025-06-05 10:10:44] local.ERROR: SQLSTATE[42000]: Syntax error or access violation: 1059 Identifier name 'submitter_supervisor_contract_id_submitter_id_supervisor_id_unique' is too long (Connection: mysql, SQL: alter table `submitter_supervisor` add unique `submitter_supervisor_contract_id_submitter_id_supervisor_id_unique`(`contract_id`, `submitter_id`, `supervisor_id`)) {"exception":"[object] (Illuminate\\Database\\QueryException(code: 42000): SQLSTATE[42000]: Syntax error or access violation: 1059 Identifier name 'submitter_supervisor_contract_id_submitter_id_supervisor_id_unique' is too long (Connection: mysql, SQL: alter table `submitter_supervisor` add unique `submitter_supervisor_contract_id_submitter_id_supervisor_id_unique`(`contract_id`, `submitter_id`, `supervisor_id`)) at D:\\year4\\FYP\\Taskly\\taskly-api-repo\\vendor\\laravel\\framework\\src\\Illuminate\\Database\\Connection.php:829)
[stacktrace]
#0 D:\\year4\\FYP\\Taskly\\taskly-api-repo\\vendor\\laravel\\framework\\src\\Illuminate\\Database\\Connection.php(783): Illuminate\\Database\\Connection->runQueryCallback()
#1 D:\\year4\\FYP\\Taskly\\taskly-api-repo\\vendor\\laravel\\framework\\src\\Illuminate\\Database\\Connection.php(576): Illuminate\\Database\\Connection->run()
#2 D:\\year4\\FYP\\Taskly\\taskly-api-repo\\vendor\\laravel\\framework\\src\\Illuminate\\Database\\Schema\\Blueprint.php(110): Illuminate\\Database\\Connection->statement()
#3 D:\\year4\\FYP\\Taskly\\taskly-api-repo\\vendor\\laravel\\framework\\src\\Illuminate\\Database\\Schema\\Builder.php(602): Illuminate\\Database\\Schema\\Blueprint->build()
#4 D:\\year4\\FYP\\Taskly\\taskly-api-repo\\vendor\\laravel\\framework\\src\\Illuminate\\Database\\Schema\\Builder.php(456): Illuminate\\Database\\Schema\\Builder->build()
#5 D:\\year4\\FYP\\Taskly\\taskly-api-repo\\vendor\\laravel\\framework\\src\\Illuminate\\Support\\Facades\\Facade.php(355): Illuminate\\Database\\Schema\\Builder->create()
#6 D:\\year4\\FYP\\Taskly\\taskly-api-repo\\database\\migrations\\2025_06_05_094223_create_submitter_supervisor_table.php(11): Illuminate\\Support\\Facades\\Facade::__callStatic()
#7 D:\\year4\\FYP\\Taskly\\taskly-api-repo\\vendor\\laravel\\framework\\src\\Illuminate\\Database\\Migrations\\Migrator.php(501): Illuminate\\Database\\Migrations\\Migration@anonymous->up()
#8 D:\\year4\\FYP\\Taskly\\taskly-api-repo\\vendor\\laravel\\framework\\src\\Illuminate\\Database\\Migrations\\Migrator.php(418): Illuminate\\Database\\Migrations\\Migrator->runMethod()
#9 D:\\year4\\FYP\\Taskly\\taskly-api-repo\\vendor\\laravel\\framework\\src\\Illuminate\\Database\\Migrations\\Migrator.php(427): Illuminate\\Database\\Migrations\\Migrator->{closure:Illuminate\\Database\\Migrations\\Migrator::runMigration():414}()
#10 D:\\year4\\FYP\\Taskly\\taskly-api-repo\\vendor\\laravel\\framework\\src\\Illuminate\\Database\\Migrations\\Migrator.php(224): Illuminate\\Database\\Migrations\\Migrator->runMigration()
#11 D:\\year4\\FYP\\Taskly\\taskly-api-repo\\vendor\\laravel\\framework\\src\\Illuminate\\Console\\View\\Components\\Task.php(37): Illuminate\\Database\\Migrations\\Migrator->{closure:Illuminate\\Database\\Migrations\\Migrator::runUp():224}()
#12 D:\\year4\\FYP\\Taskly\\taskly-api-repo\\vendor\\laravel\\framework\\src\\Illuminate\\Database\\Migrations\\Migrator.php(783): Illuminate\\Console\\View\\Components\\Task->render()
#13 D:\\year4\\FYP\\Taskly\\taskly-api-repo\\vendor\\laravel\\framework\\src\\Illuminate\\Database\\Migrations\\Migrator.php(224): Illuminate\\Database\\Migrations\\Migrator->write()
#14 D:\\year4\\FYP\\Taskly\\taskly-api-repo\\vendor\\laravel\\framework\\src\\Illuminate\\Database\\Migrations\\Migrator.php(189): Illuminate\\Database\\Migrations\\Migrator->runUp()
#15 D:\\year4\\FYP\\Taskly\\taskly-api-repo\\vendor\\laravel\\framework\\src\\Illuminate\\Database\\Migrations\\Migrator.php(132): Illuminate\\Database\\Migrations\\Migrator->runPending()
#16 D:\\year4\\FYP\\Taskly\\taskly-api-repo\\vendor\\laravel\\framework\\src\\Illuminate\\Database\\Console\\Migrations\\MigrateCommand.php(90): Illuminate\\Database\\Migrations\\Migrator->run()
#17 D:\\year4\\FYP\\Taskly\\taskly-api-repo\\vendor\\laravel\\framework\\src\\Illuminate\\Database\\Migrations\\Migrator.php(641): Illuminate\\Database\\Console\\Migrations\\MigrateCommand->{closure:Illuminate\\Database\\Console\\Migrations\\MigrateCommand::handle():83}()
#18 D:\\year4\\FYP\\Taskly\\taskly-api-repo\\vendor\\laravel\\framework\\src\\Illuminate\\Database\\Console\\Migrations\\MigrateCommand.php(83): Illuminate\\Database\\Migrations\\Migrator->usingConnection()
#19 D:\\year4\\FYP\\Taskly\\taskly-api-repo\\vendor\\laravel\\framework\\src\\Illuminate\\Container\\BoundMethod.php(36): Illuminate\\Database\\Console\\Migrations\\MigrateCommand->handle()
#20 D:\\year4\\FYP\\Taskly\\taskly-api-repo\\vendor\\laravel\\framework\\src\\Illuminate\\Container\\Util.php(41): Illuminate\\Container\\BoundMethod::{closure:Illuminate\\Container\\BoundMethod::call():35}()
#21 D:\\year4\\FYP\\Taskly\\taskly-api-repo\\vendor\\laravel\\framework\\src\\Illuminate\\Container\\BoundMethod.php(93): Illuminate\\Container\\Util::unwrapIfClosure()
#22 D:\\year4\\FYP\\Taskly\\taskly-api-repo\\vendor\\laravel\\framework\\src\\Illuminate\\Container\\BoundMethod.php(35): Illuminate\\Container\\BoundMethod::callBoundMethod()
#23 D:\\year4\\FYP\\Taskly\\taskly-api-repo\\vendor\\laravel\\framework\\src\\Illuminate\\Container\\Container.php(662): Illuminate\\Container\\BoundMethod::call()
#24 D:\\year4\\FYP\\Taskly\\taskly-api-repo\\vendor\\laravel\\framework\\src\\Illuminate\\Console\\Command.php(211): Illuminate\\Container\\Container->call()
#25 D:\\year4\\FYP\\Taskly\\taskly-api-repo\\vendor\\symfony\\console\\Command\\Command.php(326): Illuminate\\Console\\Command->execute()
#26 D:\\year4\\FYP\\Taskly\\taskly-api-repo\\vendor\\laravel\\framework\\src\\Illuminate\\Console\\Command.php(180): Symfony\\Component\\Console\\Command\\Command->run()
#27 D:\\year4\\FYP\\Taskly\\taskly-api-repo\\vendor\\symfony\\console\\Application.php(1096): Illuminate\\Console\\Command->run()
#28 D:\\year4\\FYP\\Taskly\\taskly-api-repo\\vendor\\symfony\\console\\Application.php(324): Symfony\\Component\\Console\\Application->doRunCommand()
#29 D:\\year4\\FYP\\Taskly\\taskly-api-repo\\vendor\\symfony\\console\\Application.php(175): Symfony\\Component\\Console\\Application->doRun()
#30 D:\\year4\\FYP\\Taskly\\taskly-api-repo\\vendor\\laravel\\framework\\src\\Illuminate\\Foundation\\Console\\Kernel.php(201): Symfony\\Component\\Console\\Application->run()
#31 D:\\year4\\FYP\\Taskly\\taskly-api-repo\\artisan(35): Illuminate\\Foundation\\Console\\Kernel->handle()
#32 {main}

[previous exception] [object] (PDOException(code: 42000): SQLSTATE[42000]: Syntax error or access violation: 1059 Identifier name 'submitter_supervisor_contract_id_submitter_id_supervisor_id_unique' is too long at D:\\year4\\FYP\\Taskly\\taskly-api-repo\\vendor\\laravel\\framework\\src\\Illuminate\\Database\\Connection.php:587)
[stacktrace]
#0 D:\\year4\\FYP\\Taskly\\taskly-api-repo\\vendor\\laravel\\framework\\src\\Illuminate\\Database\\Connection.php(587): PDOStatement->execute()
#1 D:\\year4\\FYP\\Taskly\\taskly-api-repo\\vendor\\laravel\\framework\\src\\Illuminate\\Database\\Connection.php(816): Illuminate\\Database\\Connection->{closure:Illuminate\\Database\\Connection::statement():576}()
#2 D:\\year4\\FYP\\Taskly\\taskly-api-repo\\vendor\\laravel\\framework\\src\\Illuminate\\Database\\Connection.php(783): Illuminate\\Database\\Connection->runQueryCallback()
#3 D:\\year4\\FYP\\Taskly\\taskly-api-repo\\vendor\\laravel\\framework\\src\\Illuminate\\Database\\Connection.php(576): Illuminate\\Database\\Connection->run()
#4 D:\\year4\\FYP\\Taskly\\taskly-api-repo\\vendor\\laravel\\framework\\src\\Illuminate\\Database\\Schema\\Blueprint.php(110): Illuminate\\Database\\Connection->statement()
#5 D:\\year4\\FYP\\Taskly\\taskly-api-repo\\vendor\\laravel\\framework\\src\\Illuminate\\Database\\Schema\\Builder.php(602): Illuminate\\Database\\Schema\\Blueprint->build()
#6 D:\\year4\\FYP\\Taskly\\taskly-api-repo\\vendor\\laravel\\framework\\src\\Illuminate\\Database\\Schema\\Builder.php(456): Illuminate\\Database\\Schema\\Builder->build()
#7 D:\\year4\\FYP\\Taskly\\taskly-api-repo\\vendor\\laravel\\framework\\src\\Illuminate\\Support\\Facades\\Facade.php(355): Illuminate\\Database\\Schema\\Builder->create()
#8 D:\\year4\\FYP\\Taskly\\taskly-api-repo\\database\\migrations\\2025_06_05_094223_create_submitter_supervisor_table.php(11): Illuminate\\Support\\Facades\\Facade::__callStatic()
#9 D:\\year4\\FYP\\Taskly\\taskly-api-repo\\vendor\\laravel\\framework\\src\\Illuminate\\Database\\Migrations\\Migrator.php(501): Illuminate\\Database\\Migrations\\Migration@anonymous->up()
#10 D:\\year4\\FYP\\Taskly\\taskly-api-repo\\vendor\\laravel\\framework\\src\\Illuminate\\Database\\Migrations\\Migrator.php(418): Illuminate\\Database\\Migrations\\Migrator->runMethod()
#11 D:\\year4\\FYP\\Taskly\\taskly-api-repo\\vendor\\laravel\\framework\\src\\Illuminate\\Database\\Migrations\\Migrator.php(427): Illuminate\\Database\\Migrations\\Migrator->{closure:Illuminate\\Database\\Migrations\\Migrator::runMigration():414}()
#12 D:\\year4\\FYP\\Taskly\\taskly-api-repo\\vendor\\laravel\\framework\\src\\Illuminate\\Database\\Migrations\\Migrator.php(224): Illuminate\\Database\\Migrations\\Migrator->runMigration()
#13 D:\\year4\\FYP\\Taskly\\taskly-api-repo\\vendor\\laravel\\framework\\src\\Illuminate\\Console\\View\\Components\\Task.php(37): Illuminate\\Database\\Migrations\\Migrator->{closure:Illuminate\\Database\\Migrations\\Migrator::runUp():224}()
#14 D:\\year4\\FYP\\Taskly\\taskly-api-repo\\vendor\\laravel\\framework\\src\\Illuminate\\Database\\Migrations\\Migrator.php(783): Illuminate\\Console\\View\\Components\\Task->render()
#15 D:\\year4\\FYP\\Taskly\\taskly-api-repo\\vendor\\laravel\\framework\\src\\Illuminate\\Database\\Migrations\\Migrator.php(224): Illuminate\\Database\\Migrations\\Migrator->write()
#16 D:\\year4\\FYP\\Taskly\\taskly-api-repo\\vendor\\laravel\\framework\\src\\Illuminate\\Database\\Migrations\\Migrator.php(189): Illuminate\\Database\\Migrations\\Migrator->runUp()
#17 D:\\year4\\FYP\\Taskly\\taskly-api-repo\\vendor\\laravel\\framework\\src\\Illuminate\\Database\\Migrations\\Migrator.php(132): Illuminate\\Database\\Migrations\\Migrator->runPending()
#18 D:\\year4\\FYP\\Taskly\\taskly-api-repo\\vendor\\laravel\\framework\\src\\Illuminate\\Database\\Console\\Migrations\\MigrateCommand.php(90): Illuminate\\Database\\Migrations\\Migrator->run()
#19 D:\\year4\\FYP\\Taskly\\taskly-api-repo\\vendor\\laravel\\framework\\src\\Illuminate\\Database\\Migrations\\Migrator.php(641): Illuminate\\Database\\Console\\Migrations\\MigrateCommand->{closure:Illuminate\\Database\\Console\\Migrations\\MigrateCommand::handle():83}()
#20 D:\\year4\\FYP\\Taskly\\taskly-api-repo\\vendor\\laravel\\framework\\src\\Illuminate\\Database\\Console\\Migrations\\MigrateCommand.php(83): Illuminate\\Database\\Migrations\\Migrator->usingConnection()
#21 D:\\year4\\FYP\\Taskly\\taskly-api-repo\\vendor\\laravel\\framework\\src\\Illuminate\\Container\\BoundMethod.php(36): Illuminate\\Database\\Console\\Migrations\\MigrateCommand->handle()
#22 D:\\year4\\FYP\\Taskly\\taskly-api-repo\\vendor\\laravel\\framework\\src\\Illuminate\\Container\\Util.php(41): Illuminate\\Container\\BoundMethod::{closure:Illuminate\\Container\\BoundMethod::call():35}()
#23 D:\\year4\\FYP\\Taskly\\taskly-api-repo\\vendor\\laravel\\framework\\src\\Illuminate\\Container\\BoundMethod.php(93): Illuminate\\Container\\Util::unwrapIfClosure()
#24 D:\\year4\\FYP\\Taskly\\taskly-api-repo\\vendor\\laravel\\framework\\src\\Illuminate\\Container\\BoundMethod.php(35): Illuminate\\Container\\BoundMethod::callBoundMethod()
#25 D:\\year4\\FYP\\Taskly\\taskly-api-repo\\vendor\\laravel\\framework\\src\\Illuminate\\Container\\Container.php(662): Illuminate\\Container\\BoundMethod::call()
#26 D:\\year4\\FYP\\Taskly\\taskly-api-repo\\vendor\\laravel\\framework\\src\\Illuminate\\Console\\Command.php(211): Illuminate\\Container\\Container->call()
#27 D:\\year4\\FYP\\Taskly\\taskly-api-repo\\vendor\\symfony\\console\\Command\\Command.php(326): Illuminate\\Console\\Command->execute()
#28 D:\\year4\\FYP\\Taskly\\taskly-api-repo\\vendor\\laravel\\framework\\src\\Illuminate\\Console\\Command.php(180): Symfony\\Component\\Console\\Command\\Command->run()
#29 D:\\year4\\FYP\\Taskly\\taskly-api-repo\\vendor\\symfony\\console\\Application.php(1096): Illuminate\\Console\\Command->run()
#30 D:\\year4\\FYP\\Taskly\\taskly-api-repo\\vendor\\symfony\\console\\Application.php(324): Symfony\\Component\\Console\\Application->doRunCommand()
#31 D:\\year4\\FYP\\Taskly\\taskly-api-repo\\vendor\\symfony\\console\\Application.php(175): Symfony\\Component\\Console\\Application->doRun()
#32 D:\\year4\\FYP\\Taskly\\taskly-api-repo\\vendor\\laravel\\framework\\src\\Illuminate\\Foundation\\Console\\Kernel.php(201): Symfony\\Component\\Console\\Application->run()
#33 D:\\year4\\FYP\\Taskly\\taskly-api-repo\\artisan(35): Illuminate\\Foundation\\Console\\Kernel->handle()
#34 {main}
"} 
[2025-06-05 10:11:04] local.ERROR: SQLSTATE[42S01]: Base table or view already exists: 1050 Table 'submitter_supervisor' already exists (Connection: mysql, SQL: create table `submitter_supervisor` (`id` bigint unsigned not null auto_increment primary key, `contract_id` bigint unsigned not null, `submitter_id` bigint unsigned not null, `supervisor_id` bigint unsigned not null, `created_at` timestamp null, `updated_at` timestamp null) default character set utf8mb4 collate 'utf8mb4_unicode_ci') {"exception":"[object] (Illuminate\\Database\\QueryException(code: 42S01): SQLSTATE[42S01]: Base table or view already exists: 1050 Table 'submitter_supervisor' already exists (Connection: mysql, SQL: create table `submitter_supervisor` (`id` bigint unsigned not null auto_increment primary key, `contract_id` bigint unsigned not null, `submitter_id` bigint unsigned not null, `supervisor_id` bigint unsigned not null, `created_at` timestamp null, `updated_at` timestamp null) default character set utf8mb4 collate 'utf8mb4_unicode_ci') at D:\\year4\\FYP\\Taskly\\taskly-api-repo\\vendor\\laravel\\framework\\src\\Illuminate\\Database\\Connection.php:829)
[stacktrace]
#0 D:\\year4\\FYP\\Taskly\\taskly-api-repo\\vendor\\laravel\\framework\\src\\Illuminate\\Database\\Connection.php(783): Illuminate\\Database\\Connection->runQueryCallback()
#1 D:\\year4\\FYP\\Taskly\\taskly-api-repo\\vendor\\laravel\\framework\\src\\Illuminate\\Database\\Connection.php(576): Illuminate\\Database\\Connection->run()
#2 D:\\year4\\FYP\\Taskly\\taskly-api-repo\\vendor\\laravel\\framework\\src\\Illuminate\\Database\\Schema\\Blueprint.php(110): Illuminate\\Database\\Connection->statement()
#3 D:\\year4\\FYP\\Taskly\\taskly-api-repo\\vendor\\laravel\\framework\\src\\Illuminate\\Database\\Schema\\Builder.php(602): Illuminate\\Database\\Schema\\Blueprint->build()
#4 D:\\year4\\FYP\\Taskly\\taskly-api-repo\\vendor\\laravel\\framework\\src\\Illuminate\\Database\\Schema\\Builder.php(456): Illuminate\\Database\\Schema\\Builder->build()
#5 D:\\year4\\FYP\\Taskly\\taskly-api-repo\\vendor\\laravel\\framework\\src\\Illuminate\\Support\\Facades\\Facade.php(355): Illuminate\\Database\\Schema\\Builder->create()
#6 D:\\year4\\FYP\\Taskly\\taskly-api-repo\\database\\migrations\\2025_06_05_094223_create_submitter_supervisor_table.php(11): Illuminate\\Support\\Facades\\Facade::__callStatic()
#7 D:\\year4\\FYP\\Taskly\\taskly-api-repo\\vendor\\laravel\\framework\\src\\Illuminate\\Database\\Migrations\\Migrator.php(501): Illuminate\\Database\\Migrations\\Migration@anonymous->up()
#8 D:\\year4\\FYP\\Taskly\\taskly-api-repo\\vendor\\laravel\\framework\\src\\Illuminate\\Database\\Migrations\\Migrator.php(418): Illuminate\\Database\\Migrations\\Migrator->runMethod()
#9 D:\\year4\\FYP\\Taskly\\taskly-api-repo\\vendor\\laravel\\framework\\src\\Illuminate\\Database\\Migrations\\Migrator.php(427): Illuminate\\Database\\Migrations\\Migrator->{closure:Illuminate\\Database\\Migrations\\Migrator::runMigration():414}()
#10 D:\\year4\\FYP\\Taskly\\taskly-api-repo\\vendor\\laravel\\framework\\src\\Illuminate\\Database\\Migrations\\Migrator.php(224): Illuminate\\Database\\Migrations\\Migrator->runMigration()
#11 D:\\year4\\FYP\\Taskly\\taskly-api-repo\\vendor\\laravel\\framework\\src\\Illuminate\\Console\\View\\Components\\Task.php(37): Illuminate\\Database\\Migrations\\Migrator->{closure:Illuminate\\Database\\Migrations\\Migrator::runUp():224}()
#12 D:\\year4\\FYP\\Taskly\\taskly-api-repo\\vendor\\laravel\\framework\\src\\Illuminate\\Database\\Migrations\\Migrator.php(783): Illuminate\\Console\\View\\Components\\Task->render()
#13 D:\\year4\\FYP\\Taskly\\taskly-api-repo\\vendor\\laravel\\framework\\src\\Illuminate\\Database\\Migrations\\Migrator.php(224): Illuminate\\Database\\Migrations\\Migrator->write()
#14 D:\\year4\\FYP\\Taskly\\taskly-api-repo\\vendor\\laravel\\framework\\src\\Illuminate\\Database\\Migrations\\Migrator.php(189): Illuminate\\Database\\Migrations\\Migrator->runUp()
#15 D:\\year4\\FYP\\Taskly\\taskly-api-repo\\vendor\\laravel\\framework\\src\\Illuminate\\Database\\Migrations\\Migrator.php(132): Illuminate\\Database\\Migrations\\Migrator->runPending()
#16 D:\\year4\\FYP\\Taskly\\taskly-api-repo\\vendor\\laravel\\framework\\src\\Illuminate\\Database\\Console\\Migrations\\MigrateCommand.php(90): Illuminate\\Database\\Migrations\\Migrator->run()
#17 D:\\year4\\FYP\\Taskly\\taskly-api-repo\\vendor\\laravel\\framework\\src\\Illuminate\\Database\\Migrations\\Migrator.php(641): Illuminate\\Database\\Console\\Migrations\\MigrateCommand->{closure:Illuminate\\Database\\Console\\Migrations\\MigrateCommand::handle():83}()
#18 D:\\year4\\FYP\\Taskly\\taskly-api-repo\\vendor\\laravel\\framework\\src\\Illuminate\\Database\\Console\\Migrations\\MigrateCommand.php(83): Illuminate\\Database\\Migrations\\Migrator->usingConnection()
#19 D:\\year4\\FYP\\Taskly\\taskly-api-repo\\vendor\\laravel\\framework\\src\\Illuminate\\Container\\BoundMethod.php(36): Illuminate\\Database\\Console\\Migrations\\MigrateCommand->handle()
#20 D:\\year4\\FYP\\Taskly\\taskly-api-repo\\vendor\\laravel\\framework\\src\\Illuminate\\Container\\Util.php(41): Illuminate\\Container\\BoundMethod::{closure:Illuminate\\Container\\BoundMethod::call():35}()
#21 D:\\year4\\FYP\\Taskly\\taskly-api-repo\\vendor\\laravel\\framework\\src\\Illuminate\\Container\\BoundMethod.php(93): Illuminate\\Container\\Util::unwrapIfClosure()
#22 D:\\year4\\FYP\\Taskly\\taskly-api-repo\\vendor\\laravel\\framework\\src\\Illuminate\\Container\\BoundMethod.php(35): Illuminate\\Container\\BoundMethod::callBoundMethod()
#23 D:\\year4\\FYP\\Taskly\\taskly-api-repo\\vendor\\laravel\\framework\\src\\Illuminate\\Container\\Container.php(662): Illuminate\\Container\\BoundMethod::call()
#24 D:\\year4\\FYP\\Taskly\\taskly-api-repo\\vendor\\laravel\\framework\\src\\Illuminate\\Console\\Command.php(211): Illuminate\\Container\\Container->call()
#25 D:\\year4\\FYP\\Taskly\\taskly-api-repo\\vendor\\symfony\\console\\Command\\Command.php(326): Illuminate\\Console\\Command->execute()
#26 D:\\year4\\FYP\\Taskly\\taskly-api-repo\\vendor\\laravel\\framework\\src\\Illuminate\\Console\\Command.php(180): Symfony\\Component\\Console\\Command\\Command->run()
#27 D:\\year4\\FYP\\Taskly\\taskly-api-repo\\vendor\\symfony\\console\\Application.php(1096): Illuminate\\Console\\Command->run()
#28 D:\\year4\\FYP\\Taskly\\taskly-api-repo\\vendor\\symfony\\console\\Application.php(324): Symfony\\Component\\Console\\Application->doRunCommand()
#29 D:\\year4\\FYP\\Taskly\\taskly-api-repo\\vendor\\symfony\\console\\Application.php(175): Symfony\\Component\\Console\\Application->doRun()
#30 D:\\year4\\FYP\\Taskly\\taskly-api-repo\\vendor\\laravel\\framework\\src\\Illuminate\\Foundation\\Console\\Kernel.php(201): Symfony\\Component\\Console\\Application->run()
#31 D:\\year4\\FYP\\Taskly\\taskly-api-repo\\artisan(35): Illuminate\\Foundation\\Console\\Kernel->handle()
#32 {main}

[previous exception] [object] (PDOException(code: 42S01): SQLSTATE[42S01]: Base table or view already exists: 1050 Table 'submitter_supervisor' already exists at D:\\year4\\FYP\\Taskly\\taskly-api-repo\\vendor\\laravel\\framework\\src\\Illuminate\\Database\\Connection.php:587)
[stacktrace]
#0 D:\\year4\\FYP\\Taskly\\taskly-api-repo\\vendor\\laravel\\framework\\src\\Illuminate\\Database\\Connection.php(587): PDOStatement->execute()
#1 D:\\year4\\FYP\\Taskly\\taskly-api-repo\\vendor\\laravel\\framework\\src\\Illuminate\\Database\\Connection.php(816): Illuminate\\Database\\Connection->{closure:Illuminate\\Database\\Connection::statement():576}()
#2 D:\\year4\\FYP\\Taskly\\taskly-api-repo\\vendor\\laravel\\framework\\src\\Illuminate\\Database\\Connection.php(783): Illuminate\\Database\\Connection->runQueryCallback()
#3 D:\\year4\\FYP\\Taskly\\taskly-api-repo\\vendor\\laravel\\framework\\src\\Illuminate\\Database\\Connection.php(576): Illuminate\\Database\\Connection->run()
#4 D:\\year4\\FYP\\Taskly\\taskly-api-repo\\vendor\\laravel\\framework\\src\\Illuminate\\Database\\Schema\\Blueprint.php(110): Illuminate\\Database\\Connection->statement()
#5 D:\\year4\\FYP\\Taskly\\taskly-api-repo\\vendor\\laravel\\framework\\src\\Illuminate\\Database\\Schema\\Builder.php(602): Illuminate\\Database\\Schema\\Blueprint->build()
#6 D:\\year4\\FYP\\Taskly\\taskly-api-repo\\vendor\\laravel\\framework\\src\\Illuminate\\Database\\Schema\\Builder.php(456): Illuminate\\Database\\Schema\\Builder->build()
#7 D:\\year4\\FYP\\Taskly\\taskly-api-repo\\vendor\\laravel\\framework\\src\\Illuminate\\Support\\Facades\\Facade.php(355): Illuminate\\Database\\Schema\\Builder->create()
#8 D:\\year4\\FYP\\Taskly\\taskly-api-repo\\database\\migrations\\2025_06_05_094223_create_submitter_supervisor_table.php(11): Illuminate\\Support\\Facades\\Facade::__callStatic()
#9 D:\\year4\\FYP\\Taskly\\taskly-api-repo\\vendor\\laravel\\framework\\src\\Illuminate\\Database\\Migrations\\Migrator.php(501): Illuminate\\Database\\Migrations\\Migration@anonymous->up()
#10 D:\\year4\\FYP\\Taskly\\taskly-api-repo\\vendor\\laravel\\framework\\src\\Illuminate\\Database\\Migrations\\Migrator.php(418): Illuminate\\Database\\Migrations\\Migrator->runMethod()
#11 D:\\year4\\FYP\\Taskly\\taskly-api-repo\\vendor\\laravel\\framework\\src\\Illuminate\\Database\\Migrations\\Migrator.php(427): Illuminate\\Database\\Migrations\\Migrator->{closure:Illuminate\\Database\\Migrations\\Migrator::runMigration():414}()
#12 D:\\year4\\FYP\\Taskly\\taskly-api-repo\\vendor\\laravel\\framework\\src\\Illuminate\\Database\\Migrations\\Migrator.php(224): Illuminate\\Database\\Migrations\\Migrator->runMigration()
#13 D:\\year4\\FYP\\Taskly\\taskly-api-repo\\vendor\\laravel\\framework\\src\\Illuminate\\Console\\View\\Components\\Task.php(37): Illuminate\\Database\\Migrations\\Migrator->{closure:Illuminate\\Database\\Migrations\\Migrator::runUp():224}()
#14 D:\\year4\\FYP\\Taskly\\taskly-api-repo\\vendor\\laravel\\framework\\src\\Illuminate\\Database\\Migrations\\Migrator.php(783): Illuminate\\Console\\View\\Components\\Task->render()
#15 D:\\year4\\FYP\\Taskly\\taskly-api-repo\\vendor\\laravel\\framework\\src\\Illuminate\\Database\\Migrations\\Migrator.php(224): Illuminate\\Database\\Migrations\\Migrator->write()
#16 D:\\year4\\FYP\\Taskly\\taskly-api-repo\\vendor\\laravel\\framework\\src\\Illuminate\\Database\\Migrations\\Migrator.php(189): Illuminate\\Database\\Migrations\\Migrator->runUp()
#17 D:\\year4\\FYP\\Taskly\\taskly-api-repo\\vendor\\laravel\\framework\\src\\Illuminate\\Database\\Migrations\\Migrator.php(132): Illuminate\\Database\\Migrations\\Migrator->runPending()
#18 D:\\year4\\FYP\\Taskly\\taskly-api-repo\\vendor\\laravel\\framework\\src\\Illuminate\\Database\\Console\\Migrations\\MigrateCommand.php(90): Illuminate\\Database\\Migrations\\Migrator->run()
#19 D:\\year4\\FYP\\Taskly\\taskly-api-repo\\vendor\\laravel\\framework\\src\\Illuminate\\Database\\Migrations\\Migrator.php(641): Illuminate\\Database\\Console\\Migrations\\MigrateCommand->{closure:Illuminate\\Database\\Console\\Migrations\\MigrateCommand::handle():83}()
#20 D:\\year4\\FYP\\Taskly\\taskly-api-repo\\vendor\\laravel\\framework\\src\\Illuminate\\Database\\Console\\Migrations\\MigrateCommand.php(83): Illuminate\\Database\\Migrations\\Migrator->usingConnection()
#21 D:\\year4\\FYP\\Taskly\\taskly-api-repo\\vendor\\laravel\\framework\\src\\Illuminate\\Container\\BoundMethod.php(36): Illuminate\\Database\\Console\\Migrations\\MigrateCommand->handle()
#22 D:\\year4\\FYP\\Taskly\\taskly-api-repo\\vendor\\laravel\\framework\\src\\Illuminate\\Container\\Util.php(41): Illuminate\\Container\\BoundMethod::{closure:Illuminate\\Container\\BoundMethod::call():35}()
#23 D:\\year4\\FYP\\Taskly\\taskly-api-repo\\vendor\\laravel\\framework\\src\\Illuminate\\Container\\BoundMethod.php(93): Illuminate\\Container\\Util::unwrapIfClosure()
#24 D:\\year4\\FYP\\Taskly\\taskly-api-repo\\vendor\\laravel\\framework\\src\\Illuminate\\Container\\BoundMethod.php(35): Illuminate\\Container\\BoundMethod::callBoundMethod()
#25 D:\\year4\\FYP\\Taskly\\taskly-api-repo\\vendor\\laravel\\framework\\src\\Illuminate\\Container\\Container.php(662): Illuminate\\Container\\BoundMethod::call()
#26 D:\\year4\\FYP\\Taskly\\taskly-api-repo\\vendor\\laravel\\framework\\src\\Illuminate\\Console\\Command.php(211): Illuminate\\Container\\Container->call()
#27 D:\\year4\\FYP\\Taskly\\taskly-api-repo\\vendor\\symfony\\console\\Command\\Command.php(326): Illuminate\\Console\\Command->execute()
#28 D:\\year4\\FYP\\Taskly\\taskly-api-repo\\vendor\\laravel\\framework\\src\\Illuminate\\Console\\Command.php(180): Symfony\\Component\\Console\\Command\\Command->run()
#29 D:\\year4\\FYP\\Taskly\\taskly-api-repo\\vendor\\symfony\\console\\Application.php(1096): Illuminate\\Console\\Command->run()
#30 D:\\year4\\FYP\\Taskly\\taskly-api-repo\\vendor\\symfony\\console\\Application.php(324): Symfony\\Component\\Console\\Application->doRunCommand()
#31 D:\\year4\\FYP\\Taskly\\taskly-api-repo\\vendor\\symfony\\console\\Application.php(175): Symfony\\Component\\Console\\Application->doRun()
#32 D:\\year4\\FYP\\Taskly\\taskly-api-repo\\vendor\\laravel\\framework\\src\\Illuminate\\Foundation\\Console\\Kernel.php(201): Symfony\\Component\\Console\\Application->run()
#33 D:\\year4\\FYP\\Taskly\\taskly-api-repo\\artisan(35): Illuminate\\Foundation\\Console\\Kernel->handle()
#34 {main}
"} 
[2025-06-05 10:11:41] local.ERROR: SQLSTATE[42S01]: Base table or view already exists: 1050 Table 'submitter_supervisor' already exists (Connection: mysql, SQL: create table `submitter_supervisor` (`id` bigint unsigned not null auto_increment primary key, `contract_id` bigint unsigned not null, `submitter_id` bigint unsigned not null, `supervisor_id` bigint unsigned not null, `created_at` timestamp null, `updated_at` timestamp null) default character set utf8mb4 collate 'utf8mb4_unicode_ci') {"exception":"[object] (Illuminate\\Database\\QueryException(code: 42S01): SQLSTATE[42S01]: Base table or view already exists: 1050 Table 'submitter_supervisor' already exists (Connection: mysql, SQL: create table `submitter_supervisor` (`id` bigint unsigned not null auto_increment primary key, `contract_id` bigint unsigned not null, `submitter_id` bigint unsigned not null, `supervisor_id` bigint unsigned not null, `created_at` timestamp null, `updated_at` timestamp null) default character set utf8mb4 collate 'utf8mb4_unicode_ci') at D:\\year4\\FYP\\Taskly\\taskly-api-repo\\vendor\\laravel\\framework\\src\\Illuminate\\Database\\Connection.php:829)
[stacktrace]
#0 D:\\year4\\FYP\\Taskly\\taskly-api-repo\\vendor\\laravel\\framework\\src\\Illuminate\\Database\\Connection.php(783): Illuminate\\Database\\Connection->runQueryCallback()
#1 D:\\year4\\FYP\\Taskly\\taskly-api-repo\\vendor\\laravel\\framework\\src\\Illuminate\\Database\\Connection.php(576): Illuminate\\Database\\Connection->run()
#2 D:\\year4\\FYP\\Taskly\\taskly-api-repo\\vendor\\laravel\\framework\\src\\Illuminate\\Database\\Schema\\Blueprint.php(110): Illuminate\\Database\\Connection->statement()
#3 D:\\year4\\FYP\\Taskly\\taskly-api-repo\\vendor\\laravel\\framework\\src\\Illuminate\\Database\\Schema\\Builder.php(602): Illuminate\\Database\\Schema\\Blueprint->build()
#4 D:\\year4\\FYP\\Taskly\\taskly-api-repo\\vendor\\laravel\\framework\\src\\Illuminate\\Database\\Schema\\Builder.php(456): Illuminate\\Database\\Schema\\Builder->build()
#5 D:\\year4\\FYP\\Taskly\\taskly-api-repo\\vendor\\laravel\\framework\\src\\Illuminate\\Support\\Facades\\Facade.php(355): Illuminate\\Database\\Schema\\Builder->create()
#6 D:\\year4\\FYP\\Taskly\\taskly-api-repo\\database\\migrations\\2025_06_05_094223_create_submitter_supervisor_table.php(11): Illuminate\\Support\\Facades\\Facade::__callStatic()
#7 D:\\year4\\FYP\\Taskly\\taskly-api-repo\\vendor\\laravel\\framework\\src\\Illuminate\\Database\\Migrations\\Migrator.php(501): Illuminate\\Database\\Migrations\\Migration@anonymous->up()
#8 D:\\year4\\FYP\\Taskly\\taskly-api-repo\\vendor\\laravel\\framework\\src\\Illuminate\\Database\\Migrations\\Migrator.php(418): Illuminate\\Database\\Migrations\\Migrator->runMethod()
#9 D:\\year4\\FYP\\Taskly\\taskly-api-repo\\vendor\\laravel\\framework\\src\\Illuminate\\Database\\Migrations\\Migrator.php(427): Illuminate\\Database\\Migrations\\Migrator->{closure:Illuminate\\Database\\Migrations\\Migrator::runMigration():414}()
#10 D:\\year4\\FYP\\Taskly\\taskly-api-repo\\vendor\\laravel\\framework\\src\\Illuminate\\Database\\Migrations\\Migrator.php(224): Illuminate\\Database\\Migrations\\Migrator->runMigration()
#11 D:\\year4\\FYP\\Taskly\\taskly-api-repo\\vendor\\laravel\\framework\\src\\Illuminate\\Console\\View\\Components\\Task.php(37): Illuminate\\Database\\Migrations\\Migrator->{closure:Illuminate\\Database\\Migrations\\Migrator::runUp():224}()
#12 D:\\year4\\FYP\\Taskly\\taskly-api-repo\\vendor\\laravel\\framework\\src\\Illuminate\\Database\\Migrations\\Migrator.php(783): Illuminate\\Console\\View\\Components\\Task->render()
#13 D:\\year4\\FYP\\Taskly\\taskly-api-repo\\vendor\\laravel\\framework\\src\\Illuminate\\Database\\Migrations\\Migrator.php(224): Illuminate\\Database\\Migrations\\Migrator->write()
#14 D:\\year4\\FYP\\Taskly\\taskly-api-repo\\vendor\\laravel\\framework\\src\\Illuminate\\Database\\Migrations\\Migrator.php(189): Illuminate\\Database\\Migrations\\Migrator->runUp()
#15 D:\\year4\\FYP\\Taskly\\taskly-api-repo\\vendor\\laravel\\framework\\src\\Illuminate\\Database\\Migrations\\Migrator.php(132): Illuminate\\Database\\Migrations\\Migrator->runPending()
#16 D:\\year4\\FYP\\Taskly\\taskly-api-repo\\vendor\\laravel\\framework\\src\\Illuminate\\Database\\Console\\Migrations\\MigrateCommand.php(90): Illuminate\\Database\\Migrations\\Migrator->run()
#17 D:\\year4\\FYP\\Taskly\\taskly-api-repo\\vendor\\laravel\\framework\\src\\Illuminate\\Database\\Migrations\\Migrator.php(641): Illuminate\\Database\\Console\\Migrations\\MigrateCommand->{closure:Illuminate\\Database\\Console\\Migrations\\MigrateCommand::handle():83}()
#18 D:\\year4\\FYP\\Taskly\\taskly-api-repo\\vendor\\laravel\\framework\\src\\Illuminate\\Database\\Console\\Migrations\\MigrateCommand.php(83): Illuminate\\Database\\Migrations\\Migrator->usingConnection()
#19 D:\\year4\\FYP\\Taskly\\taskly-api-repo\\vendor\\laravel\\framework\\src\\Illuminate\\Container\\BoundMethod.php(36): Illuminate\\Database\\Console\\Migrations\\MigrateCommand->handle()
#20 D:\\year4\\FYP\\Taskly\\taskly-api-repo\\vendor\\laravel\\framework\\src\\Illuminate\\Container\\Util.php(41): Illuminate\\Container\\BoundMethod::{closure:Illuminate\\Container\\BoundMethod::call():35}()
#21 D:\\year4\\FYP\\Taskly\\taskly-api-repo\\vendor\\laravel\\framework\\src\\Illuminate\\Container\\BoundMethod.php(93): Illuminate\\Container\\Util::unwrapIfClosure()
#22 D:\\year4\\FYP\\Taskly\\taskly-api-repo\\vendor\\laravel\\framework\\src\\Illuminate\\Container\\BoundMethod.php(35): Illuminate\\Container\\BoundMethod::callBoundMethod()
#23 D:\\year4\\FYP\\Taskly\\taskly-api-repo\\vendor\\laravel\\framework\\src\\Illuminate\\Container\\Container.php(662): Illuminate\\Container\\BoundMethod::call()
#24 D:\\year4\\FYP\\Taskly\\taskly-api-repo\\vendor\\laravel\\framework\\src\\Illuminate\\Console\\Command.php(211): Illuminate\\Container\\Container->call()
#25 D:\\year4\\FYP\\Taskly\\taskly-api-repo\\vendor\\symfony\\console\\Command\\Command.php(326): Illuminate\\Console\\Command->execute()
#26 D:\\year4\\FYP\\Taskly\\taskly-api-repo\\vendor\\laravel\\framework\\src\\Illuminate\\Console\\Command.php(180): Symfony\\Component\\Console\\Command\\Command->run()
#27 D:\\year4\\FYP\\Taskly\\taskly-api-repo\\vendor\\symfony\\console\\Application.php(1096): Illuminate\\Console\\Command->run()
#28 D:\\year4\\FYP\\Taskly\\taskly-api-repo\\vendor\\symfony\\console\\Application.php(324): Symfony\\Component\\Console\\Application->doRunCommand()
#29 D:\\year4\\FYP\\Taskly\\taskly-api-repo\\vendor\\symfony\\console\\Application.php(175): Symfony\\Component\\Console\\Application->doRun()
#30 D:\\year4\\FYP\\Taskly\\taskly-api-repo\\vendor\\laravel\\framework\\src\\Illuminate\\Foundation\\Console\\Kernel.php(201): Symfony\\Component\\Console\\Application->run()
#31 D:\\year4\\FYP\\Taskly\\taskly-api-repo\\artisan(35): Illuminate\\Foundation\\Console\\Kernel->handle()
#32 {main}

[previous exception] [object] (PDOException(code: 42S01): SQLSTATE[42S01]: Base table or view already exists: 1050 Table 'submitter_supervisor' already exists at D:\\year4\\FYP\\Taskly\\taskly-api-repo\\vendor\\laravel\\framework\\src\\Illuminate\\Database\\Connection.php:587)
[stacktrace]
#0 D:\\year4\\FYP\\Taskly\\taskly-api-repo\\vendor\\laravel\\framework\\src\\Illuminate\\Database\\Connection.php(587): PDOStatement->execute()
#1 D:\\year4\\FYP\\Taskly\\taskly-api-repo\\vendor\\laravel\\framework\\src\\Illuminate\\Database\\Connection.php(816): Illuminate\\Database\\Connection->{closure:Illuminate\\Database\\Connection::statement():576}()
#2 D:\\year4\\FYP\\Taskly\\taskly-api-repo\\vendor\\laravel\\framework\\src\\Illuminate\\Database\\Connection.php(783): Illuminate\\Database\\Connection->runQueryCallback()
#3 D:\\year4\\FYP\\Taskly\\taskly-api-repo\\vendor\\laravel\\framework\\src\\Illuminate\\Database\\Connection.php(576): Illuminate\\Database\\Connection->run()
#4 D:\\year4\\FYP\\Taskly\\taskly-api-repo\\vendor\\laravel\\framework\\src\\Illuminate\\Database\\Schema\\Blueprint.php(110): Illuminate\\Database\\Connection->statement()
#5 D:\\year4\\FYP\\Taskly\\taskly-api-repo\\vendor\\laravel\\framework\\src\\Illuminate\\Database\\Schema\\Builder.php(602): Illuminate\\Database\\Schema\\Blueprint->build()
#6 D:\\year4\\FYP\\Taskly\\taskly-api-repo\\vendor\\laravel\\framework\\src\\Illuminate\\Database\\Schema\\Builder.php(456): Illuminate\\Database\\Schema\\Builder->build()
#7 D:\\year4\\FYP\\Taskly\\taskly-api-repo\\vendor\\laravel\\framework\\src\\Illuminate\\Support\\Facades\\Facade.php(355): Illuminate\\Database\\Schema\\Builder->create()
#8 D:\\year4\\FYP\\Taskly\\taskly-api-repo\\database\\migrations\\2025_06_05_094223_create_submitter_supervisor_table.php(11): Illuminate\\Support\\Facades\\Facade::__callStatic()
#9 D:\\year4\\FYP\\Taskly\\taskly-api-repo\\vendor\\laravel\\framework\\src\\Illuminate\\Database\\Migrations\\Migrator.php(501): Illuminate\\Database\\Migrations\\Migration@anonymous->up()
#10 D:\\year4\\FYP\\Taskly\\taskly-api-repo\\vendor\\laravel\\framework\\src\\Illuminate\\Database\\Migrations\\Migrator.php(418): Illuminate\\Database\\Migrations\\Migrator->runMethod()
#11 D:\\year4\\FYP\\Taskly\\taskly-api-repo\\vendor\\laravel\\framework\\src\\Illuminate\\Database\\Migrations\\Migrator.php(427): Illuminate\\Database\\Migrations\\Migrator->{closure:Illuminate\\Database\\Migrations\\Migrator::runMigration():414}()
#12 D:\\year4\\FYP\\Taskly\\taskly-api-repo\\vendor\\laravel\\framework\\src\\Illuminate\\Database\\Migrations\\Migrator.php(224): Illuminate\\Database\\Migrations\\Migrator->runMigration()
#13 D:\\year4\\FYP\\Taskly\\taskly-api-repo\\vendor\\laravel\\framework\\src\\Illuminate\\Console\\View\\Components\\Task.php(37): Illuminate\\Database\\Migrations\\Migrator->{closure:Illuminate\\Database\\Migrations\\Migrator::runUp():224}()
#14 D:\\year4\\FYP\\Taskly\\taskly-api-repo\\vendor\\laravel\\framework\\src\\Illuminate\\Database\\Migrations\\Migrator.php(783): Illuminate\\Console\\View\\Components\\Task->render()
#15 D:\\year4\\FYP\\Taskly\\taskly-api-repo\\vendor\\laravel\\framework\\src\\Illuminate\\Database\\Migrations\\Migrator.php(224): Illuminate\\Database\\Migrations\\Migrator->write()
#16 D:\\year4\\FYP\\Taskly\\taskly-api-repo\\vendor\\laravel\\framework\\src\\Illuminate\\Database\\Migrations\\Migrator.php(189): Illuminate\\Database\\Migrations\\Migrator->runUp()
#17 D:\\year4\\FYP\\Taskly\\taskly-api-repo\\vendor\\laravel\\framework\\src\\Illuminate\\Database\\Migrations\\Migrator.php(132): Illuminate\\Database\\Migrations\\Migrator->runPending()
#18 D:\\year4\\FYP\\Taskly\\taskly-api-repo\\vendor\\laravel\\framework\\src\\Illuminate\\Database\\Console\\Migrations\\MigrateCommand.php(90): Illuminate\\Database\\Migrations\\Migrator->run()
#19 D:\\year4\\FYP\\Taskly\\taskly-api-repo\\vendor\\laravel\\framework\\src\\Illuminate\\Database\\Migrations\\Migrator.php(641): Illuminate\\Database\\Console\\Migrations\\MigrateCommand->{closure:Illuminate\\Database\\Console\\Migrations\\MigrateCommand::handle():83}()
#20 D:\\year4\\FYP\\Taskly\\taskly-api-repo\\vendor\\laravel\\framework\\src\\Illuminate\\Database\\Console\\Migrations\\MigrateCommand.php(83): Illuminate\\Database\\Migrations\\Migrator->usingConnection()
#21 D:\\year4\\FYP\\Taskly\\taskly-api-repo\\vendor\\laravel\\framework\\src\\Illuminate\\Container\\BoundMethod.php(36): Illuminate\\Database\\Console\\Migrations\\MigrateCommand->handle()
#22 D:\\year4\\FYP\\Taskly\\taskly-api-repo\\vendor\\laravel\\framework\\src\\Illuminate\\Container\\Util.php(41): Illuminate\\Container\\BoundMethod::{closure:Illuminate\\Container\\BoundMethod::call():35}()
#23 D:\\year4\\FYP\\Taskly\\taskly-api-repo\\vendor\\laravel\\framework\\src\\Illuminate\\Container\\BoundMethod.php(93): Illuminate\\Container\\Util::unwrapIfClosure()
#24 D:\\year4\\FYP\\Taskly\\taskly-api-repo\\vendor\\laravel\\framework\\src\\Illuminate\\Container\\BoundMethod.php(35): Illuminate\\Container\\BoundMethod::callBoundMethod()
#25 D:\\year4\\FYP\\Taskly\\taskly-api-repo\\vendor\\laravel\\framework\\src\\Illuminate\\Container\\Container.php(662): Illuminate\\Container\\BoundMethod::call()
#26 D:\\year4\\FYP\\Taskly\\taskly-api-repo\\vendor\\laravel\\framework\\src\\Illuminate\\Console\\Command.php(211): Illuminate\\Container\\Container->call()
#27 D:\\year4\\FYP\\Taskly\\taskly-api-repo\\vendor\\symfony\\console\\Command\\Command.php(326): Illuminate\\Console\\Command->execute()
#28 D:\\year4\\FYP\\Taskly\\taskly-api-repo\\vendor\\laravel\\framework\\src\\Illuminate\\Console\\Command.php(180): Symfony\\Component\\Console\\Command\\Command->run()
#29 D:\\year4\\FYP\\Taskly\\taskly-api-repo\\vendor\\symfony\\console\\Application.php(1096): Illuminate\\Console\\Command->run()
#30 D:\\year4\\FYP\\Taskly\\taskly-api-repo\\vendor\\symfony\\console\\Application.php(324): Symfony\\Component\\Console\\Application->doRunCommand()
#31 D:\\year4\\FYP\\Taskly\\taskly-api-repo\\vendor\\symfony\\console\\Application.php(175): Symfony\\Component\\Console\\Application->doRun()
#32 D:\\year4\\FYP\\Taskly\\taskly-api-repo\\vendor\\laravel\\framework\\src\\Illuminate\\Foundation\\Console\\Kernel.php(201): Symfony\\Component\\Console\\Application->run()
#33 D:\\year4\\FYP\\Taskly\\taskly-api-repo\\artisan(35): Illuminate\\Foundation\\Console\\Kernel->handle()
#34 {main}
"} 
[2025-06-05 10:11:46] local.ERROR: SQLSTATE[42000]: Syntax error or access violation: 1059 Identifier name 'submitter_supervisor_contract_id_submitter_id_supervisor_id_unique' is too long (Connection: mysql, SQL: alter table `submitter_supervisor` add unique `submitter_supervisor_contract_id_submitter_id_supervisor_id_unique`(`contract_id`, `submitter_id`, `supervisor_id`)) {"exception":"[object] (Illuminate\\Database\\QueryException(code: 42000): SQLSTATE[42000]: Syntax error or access violation: 1059 Identifier name 'submitter_supervisor_contract_id_submitter_id_supervisor_id_unique' is too long (Connection: mysql, SQL: alter table `submitter_supervisor` add unique `submitter_supervisor_contract_id_submitter_id_supervisor_id_unique`(`contract_id`, `submitter_id`, `supervisor_id`)) at D:\\year4\\FYP\\Taskly\\taskly-api-repo\\vendor\\laravel\\framework\\src\\Illuminate\\Database\\Connection.php:829)
[stacktrace]
#0 D:\\year4\\FYP\\Taskly\\taskly-api-repo\\vendor\\laravel\\framework\\src\\Illuminate\\Database\\Connection.php(783): Illuminate\\Database\\Connection->runQueryCallback()
#1 D:\\year4\\FYP\\Taskly\\taskly-api-repo\\vendor\\laravel\\framework\\src\\Illuminate\\Database\\Connection.php(576): Illuminate\\Database\\Connection->run()
#2 D:\\year4\\FYP\\Taskly\\taskly-api-repo\\vendor\\laravel\\framework\\src\\Illuminate\\Database\\Schema\\Blueprint.php(110): Illuminate\\Database\\Connection->statement()
#3 D:\\year4\\FYP\\Taskly\\taskly-api-repo\\vendor\\laravel\\framework\\src\\Illuminate\\Database\\Schema\\Builder.php(602): Illuminate\\Database\\Schema\\Blueprint->build()
#4 D:\\year4\\FYP\\Taskly\\taskly-api-repo\\vendor\\laravel\\framework\\src\\Illuminate\\Database\\Schema\\Builder.php(456): Illuminate\\Database\\Schema\\Builder->build()
#5 D:\\year4\\FYP\\Taskly\\taskly-api-repo\\vendor\\laravel\\framework\\src\\Illuminate\\Support\\Facades\\Facade.php(355): Illuminate\\Database\\Schema\\Builder->create()
#6 D:\\year4\\FYP\\Taskly\\taskly-api-repo\\database\\migrations\\2025_06_05_094223_create_submitter_supervisor_table.php(11): Illuminate\\Support\\Facades\\Facade::__callStatic()
#7 D:\\year4\\FYP\\Taskly\\taskly-api-repo\\vendor\\laravel\\framework\\src\\Illuminate\\Database\\Migrations\\Migrator.php(501): Illuminate\\Database\\Migrations\\Migration@anonymous->up()
#8 D:\\year4\\FYP\\Taskly\\taskly-api-repo\\vendor\\laravel\\framework\\src\\Illuminate\\Database\\Migrations\\Migrator.php(418): Illuminate\\Database\\Migrations\\Migrator->runMethod()
#9 D:\\year4\\FYP\\Taskly\\taskly-api-repo\\vendor\\laravel\\framework\\src\\Illuminate\\Database\\Migrations\\Migrator.php(427): Illuminate\\Database\\Migrations\\Migrator->{closure:Illuminate\\Database\\Migrations\\Migrator::runMigration():414}()
#10 D:\\year4\\FYP\\Taskly\\taskly-api-repo\\vendor\\laravel\\framework\\src\\Illuminate\\Database\\Migrations\\Migrator.php(224): Illuminate\\Database\\Migrations\\Migrator->runMigration()
#11 D:\\year4\\FYP\\Taskly\\taskly-api-repo\\vendor\\laravel\\framework\\src\\Illuminate\\Console\\View\\Components\\Task.php(37): Illuminate\\Database\\Migrations\\Migrator->{closure:Illuminate\\Database\\Migrations\\Migrator::runUp():224}()
#12 D:\\year4\\FYP\\Taskly\\taskly-api-repo\\vendor\\laravel\\framework\\src\\Illuminate\\Database\\Migrations\\Migrator.php(783): Illuminate\\Console\\View\\Components\\Task->render()
#13 D:\\year4\\FYP\\Taskly\\taskly-api-repo\\vendor\\laravel\\framework\\src\\Illuminate\\Database\\Migrations\\Migrator.php(224): Illuminate\\Database\\Migrations\\Migrator->write()
#14 D:\\year4\\FYP\\Taskly\\taskly-api-repo\\vendor\\laravel\\framework\\src\\Illuminate\\Database\\Migrations\\Migrator.php(189): Illuminate\\Database\\Migrations\\Migrator->runUp()
#15 D:\\year4\\FYP\\Taskly\\taskly-api-repo\\vendor\\laravel\\framework\\src\\Illuminate\\Database\\Migrations\\Migrator.php(132): Illuminate\\Database\\Migrations\\Migrator->runPending()
#16 D:\\year4\\FYP\\Taskly\\taskly-api-repo\\vendor\\laravel\\framework\\src\\Illuminate\\Database\\Console\\Migrations\\MigrateCommand.php(90): Illuminate\\Database\\Migrations\\Migrator->run()
#17 D:\\year4\\FYP\\Taskly\\taskly-api-repo\\vendor\\laravel\\framework\\src\\Illuminate\\Database\\Migrations\\Migrator.php(641): Illuminate\\Database\\Console\\Migrations\\MigrateCommand->{closure:Illuminate\\Database\\Console\\Migrations\\MigrateCommand::handle():83}()
#18 D:\\year4\\FYP\\Taskly\\taskly-api-repo\\vendor\\laravel\\framework\\src\\Illuminate\\Database\\Console\\Migrations\\MigrateCommand.php(83): Illuminate\\Database\\Migrations\\Migrator->usingConnection()
#19 D:\\year4\\FYP\\Taskly\\taskly-api-repo\\vendor\\laravel\\framework\\src\\Illuminate\\Container\\BoundMethod.php(36): Illuminate\\Database\\Console\\Migrations\\MigrateCommand->handle()
#20 D:\\year4\\FYP\\Taskly\\taskly-api-repo\\vendor\\laravel\\framework\\src\\Illuminate\\Container\\Util.php(41): Illuminate\\Container\\BoundMethod::{closure:Illuminate\\Container\\BoundMethod::call():35}()
#21 D:\\year4\\FYP\\Taskly\\taskly-api-repo\\vendor\\laravel\\framework\\src\\Illuminate\\Container\\BoundMethod.php(93): Illuminate\\Container\\Util::unwrapIfClosure()
#22 D:\\year4\\FYP\\Taskly\\taskly-api-repo\\vendor\\laravel\\framework\\src\\Illuminate\\Container\\BoundMethod.php(35): Illuminate\\Container\\BoundMethod::callBoundMethod()
#23 D:\\year4\\FYP\\Taskly\\taskly-api-repo\\vendor\\laravel\\framework\\src\\Illuminate\\Container\\Container.php(662): Illuminate\\Container\\BoundMethod::call()
#24 D:\\year4\\FYP\\Taskly\\taskly-api-repo\\vendor\\laravel\\framework\\src\\Illuminate\\Console\\Command.php(211): Illuminate\\Container\\Container->call()
#25 D:\\year4\\FYP\\Taskly\\taskly-api-repo\\vendor\\symfony\\console\\Command\\Command.php(326): Illuminate\\Console\\Command->execute()
#26 D:\\year4\\FYP\\Taskly\\taskly-api-repo\\vendor\\laravel\\framework\\src\\Illuminate\\Console\\Command.php(180): Symfony\\Component\\Console\\Command\\Command->run()
#27 D:\\year4\\FYP\\Taskly\\taskly-api-repo\\vendor\\laravel\\framework\\src\\Illuminate\\Console\\Concerns\\CallsCommands.php(67): Illuminate\\Console\\Command->run()
#28 D:\\year4\\FYP\\Taskly\\taskly-api-repo\\vendor\\laravel\\framework\\src\\Illuminate\\Console\\Concerns\\CallsCommands.php(28): Illuminate\\Console\\Command->runCommand()
#29 D:\\year4\\FYP\\Taskly\\taskly-api-repo\\vendor\\laravel\\framework\\src\\Illuminate\\Database\\Console\\Migrations\\FreshCommand.php(53): Illuminate\\Console\\Command->call()
#30 D:\\year4\\FYP\\Taskly\\taskly-api-repo\\vendor\\laravel\\framework\\src\\Illuminate\\Container\\BoundMethod.php(36): Illuminate\\Database\\Console\\Migrations\\FreshCommand->handle()
#31 D:\\year4\\FYP\\Taskly\\taskly-api-repo\\vendor\\laravel\\framework\\src\\Illuminate\\Container\\Util.php(41): Illuminate\\Container\\BoundMethod::{closure:Illuminate\\Container\\BoundMethod::call():35}()
#32 D:\\year4\\FYP\\Taskly\\taskly-api-repo\\vendor\\laravel\\framework\\src\\Illuminate\\Container\\BoundMethod.php(93): Illuminate\\Container\\Util::unwrapIfClosure()
#33 D:\\year4\\FYP\\Taskly\\taskly-api-repo\\vendor\\laravel\\framework\\src\\Illuminate\\Container\\BoundMethod.php(35): Illuminate\\Container\\BoundMethod::callBoundMethod()
#34 D:\\year4\\FYP\\Taskly\\taskly-api-repo\\vendor\\laravel\\framework\\src\\Illuminate\\Container\\Container.php(662): Illuminate\\Container\\BoundMethod::call()
#35 D:\\year4\\FYP\\Taskly\\taskly-api-repo\\vendor\\laravel\\framework\\src\\Illuminate\\Console\\Command.php(211): Illuminate\\Container\\Container->call()
#36 D:\\year4\\FYP\\Taskly\\taskly-api-repo\\vendor\\symfony\\console\\Command\\Command.php(326): Illuminate\\Console\\Command->execute()
#37 D:\\year4\\FYP\\Taskly\\taskly-api-repo\\vendor\\laravel\\framework\\src\\Illuminate\\Console\\Command.php(180): Symfony\\Component\\Console\\Command\\Command->run()
#38 D:\\year4\\FYP\\Taskly\\taskly-api-repo\\vendor\\symfony\\console\\Application.php(1096): Illuminate\\Console\\Command->run()
#39 D:\\year4\\FYP\\Taskly\\taskly-api-repo\\vendor\\symfony\\console\\Application.php(324): Symfony\\Component\\Console\\Application->doRunCommand()
#40 D:\\year4\\FYP\\Taskly\\taskly-api-repo\\vendor\\symfony\\console\\Application.php(175): Symfony\\Component\\Console\\Application->doRun()
#41 D:\\year4\\FYP\\Taskly\\taskly-api-repo\\vendor\\laravel\\framework\\src\\Illuminate\\Foundation\\Console\\Kernel.php(201): Symfony\\Component\\Console\\Application->run()
#42 D:\\year4\\FYP\\Taskly\\taskly-api-repo\\artisan(35): Illuminate\\Foundation\\Console\\Kernel->handle()
#43 {main}

[previous exception] [object] (PDOException(code: 42000): SQLSTATE[42000]: Syntax error or access violation: 1059 Identifier name 'submitter_supervisor_contract_id_submitter_id_supervisor_id_unique' is too long at D:\\year4\\FYP\\Taskly\\taskly-api-repo\\vendor\\laravel\\framework\\src\\Illuminate\\Database\\Connection.php:587)
[stacktrace]
#0 D:\\year4\\FYP\\Taskly\\taskly-api-repo\\vendor\\laravel\\framework\\src\\Illuminate\\Database\\Connection.php(587): PDOStatement->execute()
#1 D:\\year4\\FYP\\Taskly\\taskly-api-repo\\vendor\\laravel\\framework\\src\\Illuminate\\Database\\Connection.php(816): Illuminate\\Database\\Connection->{closure:Illuminate\\Database\\Connection::statement():576}()
#2 D:\\year4\\FYP\\Taskly\\taskly-api-repo\\vendor\\laravel\\framework\\src\\Illuminate\\Database\\Connection.php(783): Illuminate\\Database\\Connection->runQueryCallback()
#3 D:\\year4\\FYP\\Taskly\\taskly-api-repo\\vendor\\laravel\\framework\\src\\Illuminate\\Database\\Connection.php(576): Illuminate\\Database\\Connection->run()
#4 D:\\year4\\FYP\\Taskly\\taskly-api-repo\\vendor\\laravel\\framework\\src\\Illuminate\\Database\\Schema\\Blueprint.php(110): Illuminate\\Database\\Connection->statement()
#5 D:\\year4\\FYP\\Taskly\\taskly-api-repo\\vendor\\laravel\\framework\\src\\Illuminate\\Database\\Schema\\Builder.php(602): Illuminate\\Database\\Schema\\Blueprint->build()
#6 D:\\year4\\FYP\\Taskly\\taskly-api-repo\\vendor\\laravel\\framework\\src\\Illuminate\\Database\\Schema\\Builder.php(456): Illuminate\\Database\\Schema\\Builder->build()
#7 D:\\year4\\FYP\\Taskly\\taskly-api-repo\\vendor\\laravel\\framework\\src\\Illuminate\\Support\\Facades\\Facade.php(355): Illuminate\\Database\\Schema\\Builder->create()
#8 D:\\year4\\FYP\\Taskly\\taskly-api-repo\\database\\migrations\\2025_06_05_094223_create_submitter_supervisor_table.php(11): Illuminate\\Support\\Facades\\Facade::__callStatic()
#9 D:\\year4\\FYP\\Taskly\\taskly-api-repo\\vendor\\laravel\\framework\\src\\Illuminate\\Database\\Migrations\\Migrator.php(501): Illuminate\\Database\\Migrations\\Migration@anonymous->up()
#10 D:\\year4\\FYP\\Taskly\\taskly-api-repo\\vendor\\laravel\\framework\\src\\Illuminate\\Database\\Migrations\\Migrator.php(418): Illuminate\\Database\\Migrations\\Migrator->runMethod()
#11 D:\\year4\\FYP\\Taskly\\taskly-api-repo\\vendor\\laravel\\framework\\src\\Illuminate\\Database\\Migrations\\Migrator.php(427): Illuminate\\Database\\Migrations\\Migrator->{closure:Illuminate\\Database\\Migrations\\Migrator::runMigration():414}()
#12 D:\\year4\\FYP\\Taskly\\taskly-api-repo\\vendor\\laravel\\framework\\src\\Illuminate\\Database\\Migrations\\Migrator.php(224): Illuminate\\Database\\Migrations\\Migrator->runMigration()
#13 D:\\year4\\FYP\\Taskly\\taskly-api-repo\\vendor\\laravel\\framework\\src\\Illuminate\\Console\\View\\Components\\Task.php(37): Illuminate\\Database\\Migrations\\Migrator->{closure:Illuminate\\Database\\Migrations\\Migrator::runUp():224}()
#14 D:\\year4\\FYP\\Taskly\\taskly-api-repo\\vendor\\laravel\\framework\\src\\Illuminate\\Database\\Migrations\\Migrator.php(783): Illuminate\\Console\\View\\Components\\Task->render()
#15 D:\\year4\\FYP\\Taskly\\taskly-api-repo\\vendor\\laravel\\framework\\src\\Illuminate\\Database\\Migrations\\Migrator.php(224): Illuminate\\Database\\Migrations\\Migrator->write()
#16 D:\\year4\\FYP\\Taskly\\taskly-api-repo\\vendor\\laravel\\framework\\src\\Illuminate\\Database\\Migrations\\Migrator.php(189): Illuminate\\Database\\Migrations\\Migrator->runUp()
#17 D:\\year4\\FYP\\Taskly\\taskly-api-repo\\vendor\\laravel\\framework\\src\\Illuminate\\Database\\Migrations\\Migrator.php(132): Illuminate\\Database\\Migrations\\Migrator->runPending()
#18 D:\\year4\\FYP\\Taskly\\taskly-api-repo\\vendor\\laravel\\framework\\src\\Illuminate\\Database\\Console\\Migrations\\MigrateCommand.php(90): Illuminate\\Database\\Migrations\\Migrator->run()
#19 D:\\year4\\FYP\\Taskly\\taskly-api-repo\\vendor\\laravel\\framework\\src\\Illuminate\\Database\\Migrations\\Migrator.php(641): Illuminate\\Database\\Console\\Migrations\\MigrateCommand->{closure:Illuminate\\Database\\Console\\Migrations\\MigrateCommand::handle():83}()
#20 D:\\year4\\FYP\\Taskly\\taskly-api-repo\\vendor\\laravel\\framework\\src\\Illuminate\\Database\\Console\\Migrations\\MigrateCommand.php(83): Illuminate\\Database\\Migrations\\Migrator->usingConnection()
#21 D:\\year4\\FYP\\Taskly\\taskly-api-repo\\vendor\\laravel\\framework\\src\\Illuminate\\Container\\BoundMethod.php(36): Illuminate\\Database\\Console\\Migrations\\MigrateCommand->handle()
#22 D:\\year4\\FYP\\Taskly\\taskly-api-repo\\vendor\\laravel\\framework\\src\\Illuminate\\Container\\Util.php(41): Illuminate\\Container\\BoundMethod::{closure:Illuminate\\Container\\BoundMethod::call():35}()
#23 D:\\year4\\FYP\\Taskly\\taskly-api-repo\\vendor\\laravel\\framework\\src\\Illuminate\\Container\\BoundMethod.php(93): Illuminate\\Container\\Util::unwrapIfClosure()
#24 D:\\year4\\FYP\\Taskly\\taskly-api-repo\\vendor\\laravel\\framework\\src\\Illuminate\\Container\\BoundMethod.php(35): Illuminate\\Container\\BoundMethod::callBoundMethod()
#25 D:\\year4\\FYP\\Taskly\\taskly-api-repo\\vendor\\laravel\\framework\\src\\Illuminate\\Container\\Container.php(662): Illuminate\\Container\\BoundMethod::call()
#26 D:\\year4\\FYP\\Taskly\\taskly-api-repo\\vendor\\laravel\\framework\\src\\Illuminate\\Console\\Command.php(211): Illuminate\\Container\\Container->call()
#27 D:\\year4\\FYP\\Taskly\\taskly-api-repo\\vendor\\symfony\\console\\Command\\Command.php(326): Illuminate\\Console\\Command->execute()
#28 D:\\year4\\FYP\\Taskly\\taskly-api-repo\\vendor\\laravel\\framework\\src\\Illuminate\\Console\\Command.php(180): Symfony\\Component\\Console\\Command\\Command->run()
#29 D:\\year4\\FYP\\Taskly\\taskly-api-repo\\vendor\\laravel\\framework\\src\\Illuminate\\Console\\Concerns\\CallsCommands.php(67): Illuminate\\Console\\Command->run()
#30 D:\\year4\\FYP\\Taskly\\taskly-api-repo\\vendor\\laravel\\framework\\src\\Illuminate\\Console\\Concerns\\CallsCommands.php(28): Illuminate\\Console\\Command->runCommand()
#31 D:\\year4\\FYP\\Taskly\\taskly-api-repo\\vendor\\laravel\\framework\\src\\Illuminate\\Database\\Console\\Migrations\\FreshCommand.php(53): Illuminate\\Console\\Command->call()
#32 D:\\year4\\FYP\\Taskly\\taskly-api-repo\\vendor\\laravel\\framework\\src\\Illuminate\\Container\\BoundMethod.php(36): Illuminate\\Database\\Console\\Migrations\\FreshCommand->handle()
#33 D:\\year4\\FYP\\Taskly\\taskly-api-repo\\vendor\\laravel\\framework\\src\\Illuminate\\Container\\Util.php(41): Illuminate\\Container\\BoundMethod::{closure:Illuminate\\Container\\BoundMethod::call():35}()
#34 D:\\year4\\FYP\\Taskly\\taskly-api-repo\\vendor\\laravel\\framework\\src\\Illuminate\\Container\\BoundMethod.php(93): Illuminate\\Container\\Util::unwrapIfClosure()
#35 D:\\year4\\FYP\\Taskly\\taskly-api-repo\\vendor\\laravel\\framework\\src\\Illuminate\\Container\\BoundMethod.php(35): Illuminate\\Container\\BoundMethod::callBoundMethod()
#36 D:\\year4\\FYP\\Taskly\\taskly-api-repo\\vendor\\laravel\\framework\\src\\Illuminate\\Container\\Container.php(662): Illuminate\\Container\\BoundMethod::call()
#37 D:\\year4\\FYP\\Taskly\\taskly-api-repo\\vendor\\laravel\\framework\\src\\Illuminate\\Console\\Command.php(211): Illuminate\\Container\\Container->call()
#38 D:\\year4\\FYP\\Taskly\\taskly-api-repo\\vendor\\symfony\\console\\Command\\Command.php(326): Illuminate\\Console\\Command->execute()
#39 D:\\year4\\FYP\\Taskly\\taskly-api-repo\\vendor\\laravel\\framework\\src\\Illuminate\\Console\\Command.php(180): Symfony\\Component\\Console\\Command\\Command->run()
#40 D:\\year4\\FYP\\Taskly\\taskly-api-repo\\vendor\\symfony\\console\\Application.php(1096): Illuminate\\Console\\Command->run()
#41 D:\\year4\\FYP\\Taskly\\taskly-api-repo\\vendor\\symfony\\console\\Application.php(324): Symfony\\Component\\Console\\Application->doRunCommand()
#42 D:\\year4\\FYP\\Taskly\\taskly-api-repo\\vendor\\symfony\\console\\Application.php(175): Symfony\\Component\\Console\\Application->doRun()
#43 D:\\year4\\FYP\\Taskly\\taskly-api-repo\\vendor\\laravel\\framework\\src\\Illuminate\\Foundation\\Console\\Kernel.php(201): Symfony\\Component\\Console\\Application->run()
#44 D:\\year4\\FYP\\Taskly\\taskly-api-repo\\artisan(35): Illuminate\\Foundation\\Console\\Kernel->handle()
#45 {main}
"} 
[2025-06-05 14:54:37] local.ERROR: There are no commands defined in the "clear" namespace. {"exception":"[object] (Symfony\\Component\\Console\\Exception\\NamespaceNotFoundException(code: 0): There are no commands defined in the \"clear\" namespace. at D:\\year4\\FYP\\Taskly\\taskly-api-repo\\vendor\\symfony\\console\\Application.php:669)
[stacktrace]
#0 D:\\year4\\FYP\\Taskly\\taskly-api-repo\\vendor\\symfony\\console\\Application.php(720): Symfony\\Component\\Console\\Application->findNamespace()
#1 D:\\year4\\FYP\\Taskly\\taskly-api-repo\\vendor\\symfony\\console\\Application.php(266): Symfony\\Component\\Console\\Application->find()
#2 D:\\year4\\FYP\\Taskly\\taskly-api-repo\\vendor\\symfony\\console\\Application.php(175): Symfony\\Component\\Console\\Application->doRun()
#3 D:\\year4\\FYP\\Taskly\\taskly-api-repo\\vendor\\laravel\\framework\\src\\Illuminate\\Foundation\\Console\\Kernel.php(201): Symfony\\Component\\Console\\Application->run()
#4 D:\\year4\\FYP\\Taskly\\taskly-api-repo\\artisan(35): Illuminate\\Foundation\\Console\\Kernel->handle()
#5 {main}
"} 
[2025-06-05 15:20:41] local.ERROR: Undefined array key "label" {"userId":1,"exception":"[object] (ErrorException(code: 0): Undefined array key \"label\" at D:\\year4\\FYP\\Taskly\\taskly-api-repo\\app\\Http\\Controllers\\InviteController.php:49)
[stacktrace]
#0 D:\\year4\\FYP\\Taskly\\taskly-api-repo\\vendor\\laravel\\framework\\src\\Illuminate\\Foundation\\Bootstrap\\HandleExceptions.php(255): Illuminate\\Foundation\\Bootstrap\\HandleExceptions->handleError()
#1 D:\\year4\\FYP\\Taskly\\taskly-api-repo\\app\\Http\\Controllers\\InviteController.php(49): Illuminate\\Foundation\\Bootstrap\\HandleExceptions->{closure:Illuminate\\Foundation\\Bootstrap\\HandleExceptions::forwardsTo():254}()
#2 D:\\year4\\FYP\\Taskly\\taskly-api-repo\\vendor\\laravel\\framework\\src\\Illuminate\\Routing\\Controller.php(54): App\\Http\\Controllers\\InviteController->invite()
#3 D:\\year4\\FYP\\Taskly\\taskly-api-repo\\vendor\\laravel\\framework\\src\\Illuminate\\Routing\\ControllerDispatcher.php(43): Illuminate\\Routing\\Controller->callAction()
#4 D:\\year4\\FYP\\Taskly\\taskly-api-repo\\vendor\\laravel\\framework\\src\\Illuminate\\Routing\\Route.php(259): Illuminate\\Routing\\ControllerDispatcher->dispatch()
#5 D:\\year4\\FYP\\Taskly\\taskly-api-repo\\vendor\\laravel\\framework\\src\\Illuminate\\Routing\\Route.php(205): Illuminate\\Routing\\Route->runController()
#6 D:\\year4\\FYP\\Taskly\\taskly-api-repo\\vendor\\laravel\\framework\\src\\Illuminate\\Routing\\Router.php(806): Illuminate\\Routing\\Route->run()
#7 D:\\year4\\FYP\\Taskly\\taskly-api-repo\\vendor\\laravel\\framework\\src\\Illuminate\\Pipeline\\Pipeline.php(144): Illuminate\\Routing\\Router->{closure:Illuminate\\Routing\\Router::runRouteWithinStack():805}()
#8 D:\\year4\\FYP\\Taskly\\taskly-api-repo\\vendor\\laravel\\framework\\src\\Illuminate\\Routing\\Middleware\\SubstituteBindings.php(50): Illuminate\\Pipeline\\Pipeline->{closure:Illuminate\\Pipeline\\Pipeline::prepareDestination():142}()
#9 D:\\year4\\FYP\\Taskly\\taskly-api-repo\\vendor\\laravel\\framework\\src\\Illuminate\\Pipeline\\Pipeline.php(183): Illuminate\\Routing\\Middleware\\SubstituteBindings->handle()
#10 D:\\year4\\FYP\\Taskly\\taskly-api-repo\\vendor\\laravel\\framework\\src\\Illuminate\\Routing\\Middleware\\ThrottleRequests.php(159): Illuminate\\Pipeline\\Pipeline->{closure:{closure:Illuminate\\Pipeline\\Pipeline::carry():158}:159}()
#11 D:\\year4\\FYP\\Taskly\\taskly-api-repo\\vendor\\laravel\\framework\\src\\Illuminate\\Routing\\Middleware\\ThrottleRequests.php(125): Illuminate\\Routing\\Middleware\\ThrottleRequests->handleRequest()
#12 D:\\year4\\FYP\\Taskly\\taskly-api-repo\\vendor\\laravel\\framework\\src\\Illuminate\\Routing\\Middleware\\ThrottleRequests.php(87): Illuminate\\Routing\\Middleware\\ThrottleRequests->handleRequestUsingNamedLimiter()
#13 D:\\year4\\FYP\\Taskly\\taskly-api-repo\\vendor\\laravel\\framework\\src\\Illuminate\\Pipeline\\Pipeline.php(183): Illuminate\\Routing\\Middleware\\ThrottleRequests->handle()
#14 D:\\year4\\FYP\\Taskly\\taskly-api-repo\\vendor\\laravel\\framework\\src\\Illuminate\\Auth\\Middleware\\Authenticate.php(57): Illuminate\\Pipeline\\Pipeline->{closure:{closure:Illuminate\\Pipeline\\Pipeline::carry():158}:159}()
#15 D:\\year4\\FYP\\Taskly\\taskly-api-repo\\vendor\\laravel\\framework\\src\\Illuminate\\Pipeline\\Pipeline.php(183): Illuminate\\Auth\\Middleware\\Authenticate->handle()
#16 D:\\year4\\FYP\\Taskly\\taskly-api-repo\\vendor\\laravel\\framework\\src\\Illuminate\\Pipeline\\Pipeline.php(119): Illuminate\\Pipeline\\Pipeline->{closure:{closure:Illuminate\\Pipeline\\Pipeline::carry():158}:159}()
#17 D:\\year4\\FYP\\Taskly\\taskly-api-repo\\vendor\\laravel\\framework\\src\\Illuminate\\Routing\\Router.php(805): Illuminate\\Pipeline\\Pipeline->then()
#18 D:\\year4\\FYP\\Taskly\\taskly-api-repo\\vendor\\laravel\\framework\\src\\Illuminate\\Routing\\Router.php(784): Illuminate\\Routing\\Router->runRouteWithinStack()
#19 D:\\year4\\FYP\\Taskly\\taskly-api-repo\\vendor\\laravel\\framework\\src\\Illuminate\\Routing\\Router.php(748): Illuminate\\Routing\\Router->runRoute()
#20 D:\\year4\\FYP\\Taskly\\taskly-api-repo\\vendor\\laravel\\framework\\src\\Illuminate\\Routing\\Router.php(737): Illuminate\\Routing\\Router->dispatchToRoute()
#21 D:\\year4\\FYP\\Taskly\\taskly-api-repo\\vendor\\laravel\\framework\\src\\Illuminate\\Foundation\\Http\\Kernel.php(200): Illuminate\\Routing\\Router->dispatch()
#22 D:\\year4\\FYP\\Taskly\\taskly-api-repo\\vendor\\laravel\\framework\\src\\Illuminate\\Pipeline\\Pipeline.php(144): Illuminate\\Foundation\\Http\\Kernel->{closure:Illuminate\\Foundation\\Http\\Kernel::dispatchToRouter():197}()
#23 D:\\year4\\FYP\\Taskly\\taskly-api-repo\\vendor\\laravel\\framework\\src\\Illuminate\\Foundation\\Http\\Middleware\\TransformsRequest.php(21): Illuminate\\Pipeline\\Pipeline->{closure:Illuminate\\Pipeline\\Pipeline::prepareDestination():142}()
#24 D:\\year4\\FYP\\Taskly\\taskly-api-repo\\vendor\\laravel\\framework\\src\\Illuminate\\Foundation\\Http\\Middleware\\ConvertEmptyStringsToNull.php(31): Illuminate\\Foundation\\Http\\Middleware\\TransformsRequest->handle()
#25 D:\\year4\\FYP\\Taskly\\taskly-api-repo\\vendor\\laravel\\framework\\src\\Illuminate\\Pipeline\\Pipeline.php(183): Illuminate\\Foundation\\Http\\Middleware\\ConvertEmptyStringsToNull->handle()
#26 D:\\year4\\FYP\\Taskly\\taskly-api-repo\\vendor\\laravel\\framework\\src\\Illuminate\\Foundation\\Http\\Middleware\\TransformsRequest.php(21): Illuminate\\Pipeline\\Pipeline->{closure:{closure:Illuminate\\Pipeline\\Pipeline::carry():158}:159}()
#27 D:\\year4\\FYP\\Taskly\\taskly-api-repo\\vendor\\laravel\\framework\\src\\Illuminate\\Foundation\\Http\\Middleware\\TrimStrings.php(40): Illuminate\\Foundation\\Http\\Middleware\\TransformsRequest->handle()
#28 D:\\year4\\FYP\\Taskly\\taskly-api-repo\\vendor\\laravel\\framework\\src\\Illuminate\\Pipeline\\Pipeline.php(183): Illuminate\\Foundation\\Http\\Middleware\\TrimStrings->handle()
#29 D:\\year4\\FYP\\Taskly\\taskly-api-repo\\vendor\\laravel\\framework\\src\\Illuminate\\Foundation\\Http\\Middleware\\ValidatePostSize.php(27): Illuminate\\Pipeline\\Pipeline->{closure:{closure:Illuminate\\Pipeline\\Pipeline::carry():158}:159}()
#30 D:\\year4\\FYP\\Taskly\\taskly-api-repo\\vendor\\laravel\\framework\\src\\Illuminate\\Pipeline\\Pipeline.php(183): Illuminate\\Foundation\\Http\\Middleware\\ValidatePostSize->handle()
#31 D:\\year4\\FYP\\Taskly\\taskly-api-repo\\vendor\\laravel\\framework\\src\\Illuminate\\Foundation\\Http\\Middleware\\PreventRequestsDuringMaintenance.php(99): Illuminate\\Pipeline\\Pipeline->{closure:{closure:Illuminate\\Pipeline\\Pipeline::carry():158}:159}()
#32 D:\\year4\\FYP\\Taskly\\taskly-api-repo\\vendor\\laravel\\framework\\src\\Illuminate\\Pipeline\\Pipeline.php(183): Illuminate\\Foundation\\Http\\Middleware\\PreventRequestsDuringMaintenance->handle()
#33 D:\\year4\\FYP\\Taskly\\taskly-api-repo\\vendor\\laravel\\framework\\src\\Illuminate\\Http\\Middleware\\HandleCors.php(62): Illuminate\\Pipeline\\Pipeline->{closure:{closure:Illuminate\\Pipeline\\Pipeline::carry():158}:159}()
#34 D:\\year4\\FYP\\Taskly\\taskly-api-repo\\vendor\\laravel\\framework\\src\\Illuminate\\Pipeline\\Pipeline.php(183): Illuminate\\Http\\Middleware\\HandleCors->handle()
#35 D:\\year4\\FYP\\Taskly\\taskly-api-repo\\vendor\\laravel\\framework\\src\\Illuminate\\Http\\Middleware\\TrustProxies.php(39): Illuminate\\Pipeline\\Pipeline->{closure:{closure:Illuminate\\Pipeline\\Pipeline::carry():158}:159}()
#36 D:\\year4\\FYP\\Taskly\\taskly-api-repo\\vendor\\laravel\\framework\\src\\Illuminate\\Pipeline\\Pipeline.php(183): Illuminate\\Http\\Middleware\\TrustProxies->handle()
#37 D:\\year4\\FYP\\Taskly\\taskly-api-repo\\vendor\\laravel\\sanctum\\src\\Http\\Middleware\\EnsureFrontendRequestsAreStateful.php(25): Illuminate\\Pipeline\\Pipeline->{closure:{closure:Illuminate\\Pipeline\\Pipeline::carry():158}:159}()
#38 D:\\year4\\FYP\\Taskly\\taskly-api-repo\\vendor\\laravel\\framework\\src\\Illuminate\\Pipeline\\Pipeline.php(144): Laravel\\Sanctum\\Http\\Middleware\\EnsureFrontendRequestsAreStateful->{closure:Laravel\\Sanctum\\Http\\Middleware\\EnsureFrontendRequestsAreStateful::handle():24}()
#39 D:\\year4\\FYP\\Taskly\\taskly-api-repo\\vendor\\laravel\\framework\\src\\Illuminate\\Pipeline\\Pipeline.php(119): Illuminate\\Pipeline\\Pipeline->{closure:Illuminate\\Pipeline\\Pipeline::prepareDestination():142}()
#40 D:\\year4\\FYP\\Taskly\\taskly-api-repo\\vendor\\laravel\\sanctum\\src\\Http\\Middleware\\EnsureFrontendRequestsAreStateful.php(24): Illuminate\\Pipeline\\Pipeline->then()
#41 D:\\year4\\FYP\\Taskly\\taskly-api-repo\\vendor\\laravel\\framework\\src\\Illuminate\\Pipeline\\Pipeline.php(183): Laravel\\Sanctum\\Http\\Middleware\\EnsureFrontendRequestsAreStateful->handle()
#42 D:\\year4\\FYP\\Taskly\\taskly-api-repo\\vendor\\laravel\\framework\\src\\Illuminate\\Pipeline\\Pipeline.php(119): Illuminate\\Pipeline\\Pipeline->{closure:{closure:Illuminate\\Pipeline\\Pipeline::carry():158}:159}()
#43 D:\\year4\\FYP\\Taskly\\taskly-api-repo\\vendor\\laravel\\framework\\src\\Illuminate\\Foundation\\Http\\Kernel.php(175): Illuminate\\Pipeline\\Pipeline->then()
#44 D:\\year4\\FYP\\Taskly\\taskly-api-repo\\vendor\\laravel\\framework\\src\\Illuminate\\Foundation\\Http\\Kernel.php(144): Illuminate\\Foundation\\Http\\Kernel->sendRequestThroughRouter()
#45 D:\\year4\\FYP\\Taskly\\taskly-api-repo\\public\\index.php(51): Illuminate\\Foundation\\Http\\Kernel->handle()
#46 D:\\year4\\FYP\\Taskly\\taskly-api-repo\\vendor\\laravel\\framework\\src\\Illuminate\\Foundation\\resources\\server.php(16): require_once('...')
#47 {main}
"} 
